<?xml version="1.0" encoding="UTF-8"?>
<testng-results ignored="0" total="3" passed="3" failed="0" skipped="0">
  <reporter-output>
  </reporter-output>
  <suite started-at="2026-03-14T16:54:55 IST" name="Default suite" finished-at="2026-03-14T16:55:03 IST" duration-ms="8088">
    <groups>
    </groups>
    <test started-at="2026-03-14T16:54:55 IST" name="Default test" finished-at="2026-03-14T16:55:03 IST" duration-ms="8088">
      <class name="tests.PutPatchAndDeleteExamples">
        <test-method signature="tesPatch()[pri:0, instance:tests.PutPatchAndDeleteExamples@408d971b]" started-at="2026-03-14T16:54:55 IST" name="tesPatch" finished-at="2026-03-14T16:55:01 IST" duration-ms="6107" status="PASS">
          <reporter-output>
          </reporter-output>
        </test-method> <!-- tesPatch -->
        <test-method signature="tesPut()[pri:0, instance:tests.PutPatchAndDeleteExamples@408d971b]" started-at="2026-03-14T16:55:01 IST" name="tesPut" finished-at="2026-03-14T16:55:02 IST" duration-ms="868" status="PASS">
          <reporter-output>
          </reporter-output>
        </test-method> <!-- tesPut -->
        <test-method signature="testDelete()[pri:0, instance:tests.PutPatchAndDeleteExamples@408d971b]" started-at="2026-03-14T16:55:02 IST" name="testDelete" finished-at="2026-03-14T16:55:03 IST" duration-ms="952" status="PASS">
          <reporter-output>
          </reporter-output>
        </test-method> <!-- testDelete -->
      </class> <!-- tests.PutPatchAndDeleteExamples -->
    </test> <!-- Default test -->
  </suite> <!-- Default suite -->
</testng-results>
