<?xml version="1.0" encoding="UTF-8"?>
<!-- Generated by org.testng.reporters.JUnitXMLReporter -->
<testsuite ignored="0" hostname="DESKTOP-J4O35PG" failures="0" tests="3" name="Default test" time="8.088" errors="0" timestamp="2026-03-14T16:55:03 IST">
  <testcase classname="tests.PutPatchAndDeleteExamples" name="tesPatch" time="6.107"/>
  <testcase classname="tests.PutPatchAndDeleteExamples" name="tesPut" time="0.868"/>
  <testcase classname="tests.PutPatchAndDeleteExamples" name="testDelete" time="0.952"/>
</testsuite> <!-- Default test -->
